2016-07-13 09:31:35,040 - TWBatMan - DEBUG - PY_VAR3
2016-07-13 09:31:35,056 - TWBatMan - DEBUG - PY_VAR4
2016-07-13 09:31:35,057 - TWBatMan - DEBUG - PY_VAR5
2016-07-13 09:31:35,057 - TWBatMan - DEBUG - In onStop()

2016-07-13 09:31:40,146 - TWBatMan - DEBUG - PY_VAR3
2016-07-13 09:31:40,208 - TWBatMan - DEBUG - PY_VAR4
2016-07-13 09:31:40,255 - TWBatMan - DEBUG - PY_VAR5
2016-07-13 09:31:40,302 - TWBatMan - DEBUG - PY_VAR3
2016-07-13 09:31:40,333 - TWBatMan - DEBUG - PY_VAR4
2016-07-13 09:31:40,395 - TWBatMan - DEBUG - PY_VAR5
2016-07-13 09:34:18,206 - TWBatMan - DEBUG - RUNNING
2016-07-13 09:34:18,221 - TWBatMan - DEBUG - STOPPED
2016-07-13 09:34:18,237 - TWBatMan - DEBUG - STOPPED
2016-07-13 09:34:18,252 - TWBatMan - DEBUG - In onStop()

2016-07-13 09:34:23,335 - TWBatMan - DEBUG - STOPPED
2016-07-13 09:34:23,382 - TWBatMan - DEBUG - STOPPED
2016-07-13 09:34:23,428 - TWBatMan - DEBUG - STOPPED
2016-07-13 09:34:23,460 - TWBatMan - DEBUG - RUNNING
2016-07-13 09:34:23,506 - TWBatMan - DEBUG - STOPPED
2016-07-13 09:34:23,569 - TWBatMan - DEBUG - STOPPED
2016-07-13 09:41:15,656 - TWBatMan - DEBUG - RUNNING
2016-07-13 09:41:15,672 - TWBatMan - DEBUG - STOPPED
2016-07-13 09:41:15,688 - TWBatMan - DEBUG - STOPPED
2016-07-13 09:41:15,734 - TWBatMan - DEBUG - RUNNING
2016-07-13 09:41:15,781 - TWBatMan - DEBUG - STOPPED
2016-07-13 09:41:15,828 - TWBatMan - DEBUG - STOPPED
2016-07-13 09:43:29,218 - TWBatMan - DEBUG - RUNNING
2016-07-13 09:43:29,234 - TWBatMan - DEBUG - STOPPED
2016-07-13 09:43:29,249 - TWBatMan - DEBUG - STOPPED
2016-07-13 09:43:29,249 - TWBatMan - DEBUG - In onStop()

2016-07-13 09:43:34,329 - TWBatMan - DEBUG - STOPPED
2016-07-13 09:43:34,375 - TWBatMan - DEBUG - STOPPED
2016-07-13 09:43:34,422 - TWBatMan - DEBUG - STOPPED
2016-07-13 09:43:34,469 - TWBatMan - DEBUG - RUNNING
2016-07-13 09:43:34,500 - TWBatMan - DEBUG - STOPPED
2016-07-13 09:43:34,564 - TWBatMan - DEBUG - STOPPED
2016-07-13 12:11:24,919 - TWBatMan - DEBUG - RUNNING
2016-07-13 12:11:24,951 - TWBatMan - DEBUG - STOPPED
2016-07-13 12:11:24,966 - TWBatMan - DEBUG - STOPPED
2016-07-13 12:11:25,013 - TWBatMan - DEBUG - RUNNING
2016-07-13 12:11:25,060 - TWBatMan - DEBUG - STOPPED
2016-07-13 12:11:25,122 - TWBatMan - DEBUG - STOPPED
2016-07-13 12:11:33,988 - TWBatMan - DEBUG - In testStop
2016-07-13 12:11:56,276 - TWBatMan - DEBUG - RUNNING
2016-07-13 12:11:56,291 - TWBatMan - DEBUG - STOPPED
2016-07-13 12:11:56,307 - TWBatMan - DEBUG - STOPPED
2016-07-13 12:11:56,369 - TWBatMan - DEBUG - RUNNING
2016-07-13 12:11:56,416 - TWBatMan - DEBUG - STOPPED
2016-07-13 12:11:56,478 - TWBatMan - DEBUG - STOPPED
2016-07-13 12:12:07,577 - TWBatMan - DEBUG - In testStop
2016-07-13 12:14:09,660 - TWBatMan - DEBUG - RUNNING
2016-07-13 12:14:09,675 - TWBatMan - DEBUG - STOPPED
2016-07-13 12:14:09,691 - TWBatMan - DEBUG - STOPPED
2016-07-13 12:14:09,753 - TWBatMan - DEBUG - RUNNING
2016-07-13 12:14:09,800 - TWBatMan - DEBUG - STOPPED
2016-07-13 12:14:09,832 - TWBatMan - DEBUG - STOPPED
2016-07-13 12:14:13,939 - TWBatMan - DEBUG - In onStop()

2016-07-13 12:14:19,027 - TWBatMan - DEBUG - STOPPED
2016-07-13 12:14:19,074 - TWBatMan - DEBUG - STOPPED
2016-07-13 12:14:19,120 - TWBatMan - DEBUG - STOPPED
2016-07-13 12:15:48,039 - TWBatMan - DEBUG - STOPPED
2016-07-13 12:15:48,054 - TWBatMan - DEBUG - STOPPED
2016-07-13 12:15:48,070 - TWBatMan - DEBUG - STOPPED
2016-07-13 12:15:51,790 - TWBatMan - DEBUG - In onStart()

2016-07-13 12:15:51,821 - TWBatMan - DEBUG - RUNNING
2016-07-13 12:15:51,868 - TWBatMan - DEBUG - STOPPED
2016-07-13 12:15:51,914 - TWBatMan - DEBUG - STOPPED
2016-07-13 12:15:59,119 - TWBatMan - DEBUG - In onStop()

2016-07-13 12:16:04,197 - TWBatMan - DEBUG - STOPPED
2016-07-13 12:16:04,244 - TWBatMan - DEBUG - STOPPED
2016-07-13 12:16:04,291 - TWBatMan - DEBUG - STOPPED
2016-07-13 12:16:12,393 - TWBatMan - DEBUG - In onStart()

2016-07-13 12:16:12,440 - TWBatMan - DEBUG - RUNNING
2016-07-13 12:16:12,471 - TWBatMan - DEBUG - STOPPED
2016-07-13 12:16:12,533 - TWBatMan - DEBUG - STOPPED
2016-07-13 12:36:45,919 - TWBatMan - DEBUG - RUNNING
2016-07-13 12:36:45,935 - TWBatMan - DEBUG - STOPPED
2016-07-13 12:36:45,950 - TWBatMan - DEBUG - STOPPED
2016-07-13 12:40:21,469 - TWBatMan - DEBUG - RUNNING
2016-07-13 12:40:21,485 - TWBatMan - DEBUG - STOPPED
2016-07-13 12:40:21,516 - TWBatMan - DEBUG - STOPPED
2016-07-13 12:40:21,532 - TWBatMan - DEBUG - Service Not Found
2016-07-13 12:40:29,661 - TWBatMan - DEBUG - In onStop()

2016-07-13 12:40:34,724 - TWBatMan - DEBUG - STOPPED
2016-07-13 12:40:34,780 - TWBatMan - DEBUG - STOPPED
2016-07-13 12:40:34,827 - TWBatMan - DEBUG - STOPPED
2016-07-13 12:40:34,858 - TWBatMan - DEBUG - Service Not Found
2016-07-13 12:40:56,445 - TWBatMan - DEBUG - In onStart()

2016-07-13 12:40:56,507 - TWBatMan - DEBUG - RUNNING
2016-07-13 12:40:56,554 - TWBatMan - DEBUG - STOPPED
2016-07-13 12:40:56,648 - TWBatMan - DEBUG - STOPPED
2016-07-13 12:40:56,679 - TWBatMan - DEBUG - Service Not Found
2016-07-13 12:52:47,272 - TWBatMan - DEBUG - RUNNING
2016-07-13 12:52:47,303 - TWBatMan - DEBUG - STOPPED
2016-07-13 12:52:47,319 - TWBatMan - DEBUG - STOPPED
2016-07-13 12:52:47,350 - TWBatMan - DEBUG - Service Not Found
2016-07-13 12:52:52,220 - TWBatMan - DEBUG - In onStop()

2016-07-13 12:52:57,301 - TWBatMan - DEBUG - STOPPED
2016-07-13 12:52:57,332 - TWBatMan - DEBUG - STOPPED
2016-07-13 12:52:57,347 - TWBatMan - DEBUG - STOPPED
2016-07-13 12:52:57,379 - TWBatMan - DEBUG - Service Not Found
2016-07-13 12:53:13,530 - TWBatMan - DEBUG - In onStart()

2016-07-13 12:53:13,561 - TWBatMan - DEBUG - RUNNING
2016-07-13 12:53:13,608 - TWBatMan - DEBUG - STOPPED
2016-07-13 12:53:13,655 - TWBatMan - DEBUG - STOPPED
2016-07-13 12:53:13,686 - TWBatMan - DEBUG - Service Not Found
2016-07-13 12:53:56,849 - TWBatMan - DEBUG - RUNNING
2016-07-13 12:53:56,865 - TWBatMan - DEBUG - STOPPED
2016-07-13 12:53:56,880 - TWBatMan - DEBUG - STOPPED
2016-07-13 12:53:56,896 - TWBatMan - DEBUG - Service Not Found
2016-07-13 12:54:02,330 - TWBatMan - DEBUG - In onStop()

2016-07-13 12:54:07,421 - TWBatMan - DEBUG - STOPPED
2016-07-13 12:54:07,452 - TWBatMan - DEBUG - STOPPED
2016-07-13 12:54:07,484 - TWBatMan - DEBUG - STOPPED
2016-07-13 12:54:07,499 - TWBatMan - DEBUG - Service Not Found
2016-07-13 12:54:15,177 - TWBatMan - DEBUG - In onStart()

2016-07-13 12:54:15,209 - TWBatMan - DEBUG - RUNNING
2016-07-13 12:54:15,255 - TWBatMan - DEBUG - STOPPED
2016-07-13 12:54:15,302 - TWBatMan - DEBUG - STOPPED
2016-07-13 12:54:15,333 - TWBatMan - DEBUG - Service Not Found
2016-07-13 12:55:58,846 - TWBatMan - DEBUG - RUNNING
2016-07-13 12:55:58,862 - TWBatMan - DEBUG - STOPPED
2016-07-13 12:55:58,893 - TWBatMan - DEBUG - STOPPED
2016-07-13 12:55:58,908 - TWBatMan - DEBUG - Service Not Found
2016-07-13 12:56:21,175 - TWBatMan - DEBUG - RUNNING
2016-07-13 12:56:21,191 - TWBatMan - DEBUG - STOPPED
2016-07-13 12:56:21,207 - TWBatMan - DEBUG - STOPPED
2016-07-13 12:56:21,222 - TWBatMan - DEBUG - Service Not Found
2016-07-13 12:56:29,459 - TWBatMan - DEBUG - STOPPED
2016-07-13 12:56:29,506 - TWBatMan - DEBUG - STOPPED
2016-07-13 12:56:29,537 - TWBatMan - DEBUG - STOPPED
2016-07-13 12:56:29,569 - TWBatMan - DEBUG - Service Not Found
2016-07-13 12:56:35,066 - TWBatMan - DEBUG - In onStart()

2016-07-13 12:56:35,097 - TWBatMan - DEBUG - RUNNING
2016-07-13 12:56:35,146 - TWBatMan - DEBUG - STOPPED
2016-07-13 12:56:35,193 - TWBatMan - DEBUG - STOPPED
2016-07-13 12:56:35,224 - TWBatMan - DEBUG - Service Not Found
2016-07-13 13:00:22,308 - TWBatMan - DEBUG - STOPPED
2016-07-13 13:00:22,325 - TWBatMan - DEBUG - STOPPED
2016-07-13 13:00:22,359 - TWBatMan - DEBUG - STOPPED
2016-07-13 13:00:22,375 - TWBatMan - DEBUG - Service Not Found
2016-07-13 13:00:29,624 - TWBatMan - DEBUG - In onStart()

2016-07-13 13:00:29,637 - TWBatMan - DEBUG - RUNNING
2016-07-13 13:00:29,708 - TWBatMan - DEBUG - STOPPED
2016-07-13 13:00:29,741 - TWBatMan - DEBUG - STOPPED
2016-07-13 13:00:29,776 - TWBatMan - DEBUG - Service Not Found
2016-07-13 13:35:15,525 - TWBatMan - DEBUG - RUNNING
2016-07-13 13:35:15,541 - TWBatMan - DEBUG - STOPPED
2016-07-13 13:35:15,556 - TWBatMan - DEBUG - STOPPED
2016-07-13 13:35:15,572 - TWBatMan - DEBUG - Service Not Found
2016-07-13 13:35:26,478 - TWBatMan - DEBUG - STOPPED
2016-07-13 13:35:26,509 - TWBatMan - DEBUG - STOPPED
2016-07-13 13:35:26,540 - TWBatMan - DEBUG - STOPPED
2016-07-13 13:35:26,571 - TWBatMan - DEBUG - Service Not Found
2016-07-13 13:35:31,522 - TWBatMan - DEBUG - In onStart()

2016-07-13 13:35:31,553 - TWBatMan - DEBUG - RUNNING
2016-07-13 13:35:31,600 - TWBatMan - DEBUG - STOPPED
2016-07-13 13:35:31,662 - TWBatMan - DEBUG - STOPPED
2016-07-13 13:35:31,693 - TWBatMan - DEBUG - Service Not Found
2016-07-13 13:36:42,815 - TWBatMan - DEBUG - RUNNING
2016-07-13 13:36:42,831 - TWBatMan - DEBUG - STOPPED
2016-07-13 13:36:42,893 - TWBatMan - DEBUG - STOPPED
2016-07-13 13:36:42,909 - TWBatMan - DEBUG - Service Not Found
2016-07-13 13:37:06,781 - TWBatMan - DEBUG - STOPPED
2016-07-13 13:37:21,822 - TWBatMan - DEBUG - STOPPED
2016-07-13 13:37:36,862 - TWBatMan - DEBUG - STOPPED
2016-07-13 13:37:51,868 - TWBatMan - DEBUG - Service Not Found
2016-07-13 13:38:21,242 - TWBatMan - DEBUG - In onStart()

2016-07-13 13:38:21,273 - TWBatMan - DEBUG - RUNNING
2016-07-13 13:38:21,320 - TWBatMan - DEBUG - STOPPED
2016-07-13 13:38:21,382 - TWBatMan - DEBUG - STOPPED
2016-07-13 13:38:21,413 - TWBatMan - DEBUG - Service Not Found
2016-07-13 13:41:51,948 - TWBatMan - DEBUG - RUNNING
2016-07-13 13:41:51,979 - TWBatMan - DEBUG - STOPPED
2016-07-13 13:41:51,994 - TWBatMan - DEBUG - STOPPED
2016-07-13 13:41:52,010 - TWBatMan - DEBUG - Service Not Found
2016-07-13 13:44:11,774 - TWBatMan - DEBUG - RUNNING
2016-07-13 13:44:11,789 - TWBatMan - DEBUG - STOPPED
2016-07-13 13:44:11,805 - TWBatMan - DEBUG - STOPPED
2016-07-13 13:44:11,821 - TWBatMan - DEBUG - Service Not Found
2016-07-13 13:44:47,665 - TWBatMan - DEBUG - RUNNING
2016-07-13 13:44:47,680 - TWBatMan - DEBUG - STOPPED
2016-07-13 13:44:47,696 - TWBatMan - DEBUG - STOPPED
2016-07-13 13:44:47,711 - TWBatMan - DEBUG - Service Not Found
2016-07-13 13:45:39,508 - TWBatMan - DEBUG - RUNNING
2016-07-13 13:45:39,539 - TWBatMan - DEBUG - STOPPED
2016-07-13 13:45:39,555 - TWBatMan - DEBUG - STOPPED
2016-07-13 13:45:39,586 - TWBatMan - DEBUG - Service Not Found
2016-07-13 13:45:47,993 - TWBatMan - DEBUG - STOPPED
2016-07-13 13:45:48,025 - TWBatMan - DEBUG - STOPPED
2016-07-13 13:45:48,056 - TWBatMan - DEBUG - STOPPED
2016-07-13 13:45:48,087 - TWBatMan - DEBUG - Service Not Found
2016-07-13 13:46:37,758 - TWBatMan - DEBUG - STOPPED
2016-07-13 13:46:37,773 - TWBatMan - DEBUG - STOPPED
2016-07-13 13:46:37,789 - TWBatMan - DEBUG - STOPPED
2016-07-13 13:46:37,805 - TWBatMan - DEBUG - Service Not Found
2016-07-13 13:46:40,982 - TWBatMan - DEBUG - STOPPED
2016-07-13 13:46:41,013 - TWBatMan - DEBUG - STOPPED
2016-07-13 13:46:41,044 - TWBatMan - DEBUG - STOPPED
2016-07-13 13:46:41,091 - TWBatMan - DEBUG - Service Not Found
2016-07-13 13:46:44,511 - TWBatMan - DEBUG - In onStart()

2016-07-13 13:46:44,549 - TWBatMan - DEBUG - RUNNING
2016-07-13 13:46:44,620 - TWBatMan - DEBUG - STOPPED
2016-07-13 13:46:44,667 - TWBatMan - DEBUG - STOPPED
2016-07-13 13:46:44,698 - TWBatMan - DEBUG - Service Not Found
2016-07-13 13:46:53,920 - TWBatMan - DEBUG - STOPPED
2016-07-13 13:46:53,937 - TWBatMan - DEBUG - STOPPED
2016-07-13 13:46:53,983 - TWBatMan - DEBUG - STOPPED
2016-07-13 13:46:54,015 - TWBatMan - DEBUG - Service Not Found
2016-07-13 13:47:06,306 - TWBatMan - DEBUG - In onStart()

2016-07-13 13:47:06,339 - TWBatMan - DEBUG - RUNNING
2016-07-13 13:47:06,386 - TWBatMan - DEBUG - STOPPED
2016-07-13 13:47:06,448 - TWBatMan - DEBUG - STOPPED
2016-07-13 13:47:06,479 - TWBatMan - DEBUG - Service Not Found
2016-07-13 13:47:14,115 - TWBatMan - DEBUG - STOPPED
2016-07-13 13:47:14,146 - TWBatMan - DEBUG - STOPPED
2016-07-13 13:47:14,163 - TWBatMan - DEBUG - STOPPED
2016-07-13 13:47:14,184 - TWBatMan - DEBUG - Service Not Found
2016-07-13 13:47:18,541 - TWBatMan - DEBUG - In onStart()

2016-07-13 13:47:18,588 - TWBatMan - DEBUG - RUNNING
2016-07-13 13:47:18,619 - TWBatMan - DEBUG - STOPPED
2016-07-13 13:47:18,681 - TWBatMan - DEBUG - STOPPED
2016-07-13 13:47:18,712 - TWBatMan - DEBUG - Service Not Found
2016-07-13 13:51:30,086 - TWBatMan - DEBUG - RUNNING
2016-07-13 13:51:30,102 - TWBatMan - DEBUG - STOPPED
2016-07-13 13:51:30,138 - TWBatMan - DEBUG - STOPPED
2016-07-13 13:51:30,169 - TWBatMan - DEBUG - Service Not Found
2016-07-13 13:51:38,247 - TWBatMan - DEBUG - STOPPED
2016-07-13 13:51:38,278 - TWBatMan - DEBUG - STOPPED
2016-07-13 13:51:38,325 - TWBatMan - DEBUG - STOPPED
2016-07-13 13:51:38,356 - TWBatMan - DEBUG - Service Not Found
2016-07-13 13:51:42,533 - TWBatMan - DEBUG - In onStart()

2016-07-13 13:51:42,565 - TWBatMan - DEBUG - RUNNING
2016-07-13 13:51:42,612 - TWBatMan - DEBUG - STOPPED
2016-07-13 13:51:42,659 - TWBatMan - DEBUG - STOPPED
2016-07-13 13:51:42,690 - TWBatMan - DEBUG - Service Not Found
2016-07-13 13:52:30,624 - TWBatMan - DEBUG - RUNNING
2016-07-13 13:52:30,640 - TWBatMan - DEBUG - STOPPED
2016-07-13 13:52:30,655 - TWBatMan - DEBUG - STOPPED
2016-07-13 13:52:30,687 - TWBatMan - DEBUG - Service Not Found
2016-07-13 13:52:38,565 - TWBatMan - DEBUG - STOPPED
2016-07-13 13:52:38,581 - TWBatMan - DEBUG - STOPPED
2016-07-13 13:52:38,628 - TWBatMan - DEBUG - STOPPED
2016-07-13 13:52:38,659 - TWBatMan - DEBUG - Service Not Found
2016-07-13 13:52:41,482 - TWBatMan - DEBUG - RUNNING
2016-07-13 13:52:41,545 - TWBatMan - DEBUG - STOPPED
2016-07-13 13:52:41,608 - TWBatMan - DEBUG - STOPPED
2016-07-13 13:52:41,639 - TWBatMan - DEBUG - Service Not Found
2016-07-13 13:56:55,905 - TWBatMan - DEBUG - RUNNING
2016-07-13 13:56:55,921 - TWBatMan - DEBUG - RUNNING
2016-07-13 13:56:55,937 - TWBatMan - DEBUG - STOPPED
2016-07-13 13:56:55,952 - TWBatMan - DEBUG - Service Not Found
2016-07-13 13:57:05,717 - TWBatMan - DEBUG - RUNNING
2016-07-13 13:57:05,749 - TWBatMan - DEBUG - RUNNING
2016-07-13 13:57:05,811 - TWBatMan - DEBUG - STOPPED
2016-07-13 13:57:05,842 - TWBatMan - DEBUG - Service Not Found
2016-07-13 13:58:36,739 - TWBatMan - DEBUG - RUNNING
2016-07-13 13:58:36,755 - TWBatMan - DEBUG - RUNNING
2016-07-13 13:58:36,771 - TWBatMan - DEBUG - RUNNING
2016-07-13 13:58:36,772 - TWBatMan - DEBUG - Service Not Found
2016-07-13 13:58:47,615 - TWBatMan - DEBUG - STOPPED
2016-07-13 13:58:47,677 - TWBatMan - DEBUG - STOPPED
2016-07-13 13:58:52,762 - TWBatMan - DEBUG - STOPPED
2016-07-13 13:58:52,794 - TWBatMan - DEBUG - Service Not Found
2016-07-13 13:59:01,250 - TWBatMan - DEBUG - RUNNING
2016-07-13 13:59:01,313 - TWBatMan - DEBUG - RUNNING
2016-07-13 13:59:01,375 - TWBatMan - DEBUG - START_PENDING
2016-07-13 13:59:01,391 - TWBatMan - DEBUG - Service Not Found
2016-07-13 13:59:47,873 - TWBatMan - DEBUG - RUNNING
2016-07-13 13:59:47,904 - TWBatMan - DEBUG - RUNNING
2016-07-13 13:59:47,920 - TWBatMan - DEBUG - RUNNING
2016-07-13 13:59:47,935 - TWBatMan - DEBUG - Service Not Found
2016-07-13 14:01:11,283 - TWBatMan - DEBUG - RUNNING
2016-07-13 14:01:11,299 - TWBatMan - DEBUG - RUNNING
2016-07-13 14:01:11,330 - TWBatMan - DEBUG - RUNNING
2016-07-13 14:01:11,346 - TWBatMan - DEBUG - Service Not Found
2016-07-13 14:01:30,564 - TWBatMan - DEBUG - RUNNING
2016-07-13 14:01:30,579 - TWBatMan - DEBUG - RUNNING
2016-07-13 14:01:30,611 - TWBatMan - DEBUG - RUNNING
2016-07-13 14:01:30,626 - TWBatMan - DEBUG - Service Not Found
2016-07-13 14:03:09,761 - TWBatMan - DEBUG - STOPPED
2016-07-13 14:03:17,547 - TWBatMan - DEBUG - STOPPED
2016-07-13 14:04:30,970 - TWBatMan - DEBUG - STOPPED
2016-07-13 14:06:16,283 - TWBatMan - DEBUG - STOP_PENDING
2016-07-13 14:06:16,298 - TWBatMan - DEBUG - STOP_PENDING
2016-07-13 14:06:16,329 - TWBatMan - DEBUG - STOP_PENDING
2016-07-13 14:06:16,345 - TWBatMan - DEBUG - Service Not Found
2016-07-13 14:06:23,015 - TWBatMan - DEBUG - STOP_PENDING
2016-07-13 14:06:23,046 - TWBatMan - DEBUG - STOP_PENDING
2016-07-13 14:06:23,093 - TWBatMan - DEBUG - STOP_PENDING
2016-07-13 14:06:23,124 - TWBatMan - DEBUG - Service Not Found
2016-07-13 14:06:56,400 - TWBatMan - DEBUG - STOP_PENDING
2016-07-13 14:07:21,567 - TWBatMan - DEBUG - STOP_PENDING
2016-07-13 14:07:46,736 - TWBatMan - DEBUG - STOP_PENDING
2016-07-13 14:07:46,767 - TWBatMan - DEBUG - Service Not Found
2016-07-13 14:07:54,628 - TWBatMan - DEBUG - STOP_PENDING
2016-07-13 14:07:54,675 - TWBatMan - DEBUG - STOP_PENDING
2016-07-13 14:07:54,706 - TWBatMan - DEBUG - STOP_PENDING
2016-07-13 14:07:54,738 - TWBatMan - DEBUG - Service Not Found
2016-07-13 14:29:59,473 - TWBatMan - DEBUG - RUNNING
2016-07-13 14:29:59,504 - TWBatMan - DEBUG - RUNNING
2016-07-13 14:29:59,520 - TWBatMan - DEBUG - RUNNING
2016-07-13 14:29:59,535 - TWBatMan - DEBUG - Service Not Found
2016-07-13 14:30:10,067 - TWBatMan - DEBUG - STOPPED
2016-07-13 14:30:10,116 - TWBatMan - DEBUG - STOPPED
2016-07-13 14:30:15,189 - TWBatMan - DEBUG - STOPPED
2016-07-13 14:30:15,220 - TWBatMan - DEBUG - Service Not Found
2016-07-13 14:30:19,707 - TWBatMan - DEBUG - RUNNING
2016-07-13 14:30:19,754 - TWBatMan - DEBUG - RUNNING
2016-07-13 14:30:19,785 - TWBatMan - DEBUG - START_PENDING
2016-07-13 14:30:19,817 - TWBatMan - DEBUG - Service Not Found
2016-07-13 14:37:43,353 - TWBatMan - DEBUG - RUNNING
2016-07-13 14:37:43,369 - TWBatMan - DEBUG - RUNNING
2016-07-13 14:37:43,384 - TWBatMan - DEBUG - RUNNING
2016-07-13 14:37:43,416 - TWBatMan - DEBUG - Service Not Found
2016-07-13 14:37:58,690 - TWBatMan - DEBUG - STOPPED
2016-07-13 14:37:58,737 - TWBatMan - DEBUG - STOPPED
2016-07-13 14:38:03,829 - TWBatMan - DEBUG - STOPPED
2016-07-13 14:38:03,860 - TWBatMan - DEBUG - Service Not Found
2016-07-13 14:38:07,727 - TWBatMan - DEBUG - RUNNING
2016-07-13 14:38:07,774 - TWBatMan - DEBUG - RUNNING
2016-07-13 14:38:07,805 - TWBatMan - DEBUG - START_PENDING
2016-07-13 14:38:07,821 - TWBatMan - DEBUG - Service Not Found
2016-07-13 14:42:45,923 - TWBatMan - DEBUG - STOPPED
2016-07-13 14:42:45,986 - TWBatMan - DEBUG - STOPPED
2016-07-13 14:42:51,084 - TWBatMan - DEBUG - STOPPED
2016-07-13 14:42:51,131 - TWBatMan - DEBUG - Service Not Found
2016-07-13 14:42:55,399 - TWBatMan - DEBUG - RUNNING
2016-07-13 14:42:55,446 - TWBatMan - DEBUG - RUNNING
2016-07-13 14:42:55,492 - TWBatMan - DEBUG - START_PENDING
2016-07-13 14:42:55,524 - TWBatMan - DEBUG - Service Not Found
2016-07-13 14:43:48,373 - TWBatMan - DEBUG - RUNNING
2016-07-13 14:43:48,389 - TWBatMan - DEBUG - RUNNING
2016-07-13 14:43:48,420 - TWBatMan - DEBUG - RUNNING
2016-07-13 14:43:48,451 - TWBatMan - DEBUG - Service Not Found
2016-07-13 14:44:33,602 - TWBatMan - DEBUG - RUNNING
2016-07-13 14:44:33,633 - TWBatMan - DEBUG - RUNNING
2016-07-13 14:44:33,682 - TWBatMan - DEBUG - START_PENDING
2016-07-13 14:44:33,713 - TWBatMan - DEBUG - Service Not Found
